<?xml version="1.0" encoding="UTF-8"?>
<!-- Generated by org.testng.reporters.JUnitXMLReporter -->
<testsuite ignored="0" hostname="LIN-5CG13827YK" failures="0" tests="9" name="PetUser" time="13.937" errors="0" timestamp="2024-08-02T15:54:35 IST">
  <testcase classname="api.test.TestUser2_routeConfig" name="userData_setup" time="2.955"/>
  <testcase classname="api.test.TestUser2_routeConfig" name="userData_setup" time="1.228"/>
  <testcase classname="api.test.TestUser2_routeConfig" name="userData_setup" time="1.234"/>
  <testcase classname="api.test.TestUser2_routeConfig" name="testReadUser" time="1.249"/>
  <testcase classname="api.test.TestUser2_routeConfig" name="testReadUser" time="1.243"/>
  <testcase classname="api.test.TestUser2_routeConfig" name="testReadUser" time="1.239"/>
  <testcase classname="api.test.TestUser2_routeConfig" name="testDeleteUser" time="1.23"/>
  <testcase classname="api.test.TestUser2_routeConfig" name="testDeleteUser" time="1.232"/>
  <testcase classname="api.test.TestUser2_routeConfig" name="testDeleteUser" time="1.218"/>
</testsuite> <!-- PetUser -->
