<?xml version="1.0" encoding="UTF-8"?>
<!-- Generated by org.testng.reporters.JUnitXMLReporter -->
<testsuite ignored="0" hostname="LIN-5CG13827YK" failures="0" tests="9" name="Default test" time="13.974" errors="0" timestamp="2024-08-02T15:54:00 IST">
  <testcase classname="api.test.TestUser2_routeConfig" name="userData_setup" time="2.955"/>
  <testcase classname="api.test.TestUser2_routeConfig" name="userData_setup" time="1.242"/>
  <testcase classname="api.test.TestUser2_routeConfig" name="userData_setup" time="1.236"/>
  <testcase classname="api.test.TestUser2_routeConfig" name="testReadUser" time="1.251"/>
  <testcase classname="api.test.TestUser2_routeConfig" name="testReadUser" time="1.22"/>
  <testcase classname="api.test.TestUser2_routeConfig" name="testReadUser" time="1.222"/>
  <testcase classname="api.test.TestUser2_routeConfig" name="testDeleteUser" time="1.22"/>
  <testcase classname="api.test.TestUser2_routeConfig" name="testDeleteUser" time="1.229"/>
  <testcase classname="api.test.TestUser2_routeConfig" name="testDeleteUser" time="1.222"/>
</testsuite> <!-- Default test -->
