<?xml version="1.0" encoding="UTF-8"?>
<testng-results ignored="0" total="9" passed="9" failed="0" skipped="0">
  <reporter-output>
  </reporter-output>
  <suite started-at="2024-08-02T16:01:51 IST" name="PetStore" finished-at="2024-08-02T16:02:05 IST" duration-ms="14105">
    <groups>
    </groups>
    <test started-at="2024-08-02T16:01:51 IST" name="PetUser" finished-at="2024-08-02T16:02:05 IST" duration-ms="14105">
      <class name="api.test.TestUser2_routeConfig">
        <test-method signature="userData_setup(java.lang.String,java.lang.String,java.lang.String,java.lang.String,java.lang.String,java.lang.String,java.lang.String)[pri:1, instance:api.test.TestUser2_routeConfig@43195e57]" started-at="2024-08-02T16:01:52 IST" name="userData_setup" data-provider="Data" finished-at="2024-08-02T16:01:55 IST" duration-ms="2969" status="PASS">
          <params>
            <param index="0">
              <value>
                <![CDATA[1010]]>
              </value>
            </param>
            <param index="1">
              <value>
                <![CDATA[testuser1]]>
              </value>
            </param>
            <param index="2">
              <value>
                <![CDATA[John]]>
              </value>
            </param>
            <param index="3">
              <value>
                <![CDATA[Canedy]]>
              </value>
            </param>
            <param index="4">
              <value>
                <![CDATA[a@gmail.com]]>
              </value>
            </param>
            <param index="5">
              <value>
                <![CDATA[test@1]]>
              </value>
            </param>
            <param index="6">
              <value>
                <![CDATA[1234567897]]>
              </value>
            </param>
          </params>
          <reporter-output>
          </reporter-output>
        </test-method> <!-- userData_setup -->
        <test-method signature="userData_setup(java.lang.String,java.lang.String,java.lang.String,java.lang.String,java.lang.String,java.lang.String,java.lang.String)[pri:1, instance:api.test.TestUser2_routeConfig@43195e57]" started-at="2024-08-02T16:01:55 IST" name="userData_setup" data-provider="Data" finished-at="2024-08-02T16:01:56 IST" duration-ms="1236" status="PASS">
          <params>
            <param index="0">
              <value>
                <![CDATA[1020]]>
              </value>
            </param>
            <param index="1">
              <value>
                <![CDATA[testuser2]]>
              </value>
            </param>
            <param index="2">
              <value>
                <![CDATA[Kim]]>
              </value>
            </param>
            <param index="3">
              <value>
                <![CDATA[Kom]]>
              </value>
            </param>
            <param index="4">
              <value>
                <![CDATA[b@gmail.com]]>
              </value>
            </param>
            <param index="5">
              <value>
                <![CDATA[test@2]]>
              </value>
            </param>
            <param index="6">
              <value>
                <![CDATA[1234567897]]>
              </value>
            </param>
          </params>
          <reporter-output>
          </reporter-output>
        </test-method> <!-- userData_setup -->
        <test-method signature="userData_setup(java.lang.String,java.lang.String,java.lang.String,java.lang.String,java.lang.String,java.lang.String,java.lang.String)[pri:1, instance:api.test.TestUser2_routeConfig@43195e57]" started-at="2024-08-02T16:01:56 IST" name="userData_setup" data-provider="Data" finished-at="2024-08-02T16:01:58 IST" duration-ms="1235" status="PASS">
          <params>
            <param index="0">
              <value>
                <![CDATA[1030]]>
              </value>
            </param>
            <param index="1">
              <value>
                <![CDATA[testuser3]]>
              </value>
            </param>
            <param index="2">
              <value>
                <![CDATA[Smith]]>
              </value>
            </param>
            <param index="3">
              <value>
                <![CDATA[Steve]]>
              </value>
            </param>
            <param index="4">
              <value>
                <![CDATA[c@gmail.com]]>
              </value>
            </param>
            <param index="5">
              <value>
                <![CDATA[test@3]]>
              </value>
            </param>
            <param index="6">
              <value>
                <![CDATA[1234567897]]>
              </value>
            </param>
          </params>
          <reporter-output>
          </reporter-output>
        </test-method> <!-- userData_setup -->
        <test-method signature="testReadUser(java.lang.String)[pri:3, instance:api.test.TestUser2_routeConfig@43195e57]" started-at="2024-08-02T16:01:58 IST" name="testReadUser" data-provider="UserNames" finished-at="2024-08-02T16:01:59 IST" duration-ms="1263" status="PASS">
          <params>
            <param index="0">
              <value>
                <![CDATA[testuser1]]>
              </value>
            </param>
          </params>
          <reporter-output>
          </reporter-output>
        </test-method> <!-- testReadUser -->
        <test-method signature="testReadUser(java.lang.String)[pri:3, instance:api.test.TestUser2_routeConfig@43195e57]" started-at="2024-08-02T16:01:59 IST" name="testReadUser" data-provider="UserNames" finished-at="2024-08-02T16:02:00 IST" duration-ms="1226" status="PASS">
          <params>
            <param index="0">
              <value>
                <![CDATA[testuser2]]>
              </value>
            </param>
          </params>
          <reporter-output>
          </reporter-output>
        </test-method> <!-- testReadUser -->
        <test-method signature="testReadUser(java.lang.String)[pri:3, instance:api.test.TestUser2_routeConfig@43195e57]" started-at="2024-08-02T16:02:00 IST" name="testReadUser" data-provider="UserNames" finished-at="2024-08-02T16:02:01 IST" duration-ms="1240" status="PASS">
          <params>
            <param index="0">
              <value>
                <![CDATA[testuser3]]>
              </value>
            </param>
          </params>
          <reporter-output>
          </reporter-output>
        </test-method> <!-- testReadUser -->
        <test-method signature="testDeleteUser(java.lang.String)[pri:5, instance:api.test.TestUser2_routeConfig@43195e57]" started-at="2024-08-02T16:02:02 IST" name="testDeleteUser" data-provider="UserNames" finished-at="2024-08-02T16:02:03 IST" duration-ms="1239" status="PASS">
          <params>
            <param index="0">
              <value>
                <![CDATA[testuser1]]>
              </value>
            </param>
          </params>
          <reporter-output>
          </reporter-output>
        </test-method> <!-- testDeleteUser -->
        <test-method signature="testDeleteUser(java.lang.String)[pri:5, instance:api.test.TestUser2_routeConfig@43195e57]" started-at="2024-08-02T16:02:03 IST" name="testDeleteUser" data-provider="UserNames" finished-at="2024-08-02T16:02:04 IST" duration-ms="1242" status="PASS">
          <params>
            <param index="0">
              <value>
                <![CDATA[testuser2]]>
              </value>
            </param>
          </params>
          <reporter-output>
          </reporter-output>
        </test-method> <!-- testDeleteUser -->
        <test-method signature="testDeleteUser(java.lang.String)[pri:5, instance:api.test.TestUser2_routeConfig@43195e57]" started-at="2024-08-02T16:02:04 IST" name="testDeleteUser" data-provider="UserNames" finished-at="2024-08-02T16:02:05 IST" duration-ms="1243" status="PASS">
          <params>
            <param index="0">
              <value>
                <![CDATA[testuser3]]>
              </value>
            </param>
          </params>
          <reporter-output>
          </reporter-output>
        </test-method> <!-- testDeleteUser -->
      </class> <!-- api.test.TestUser2_routeConfig -->
    </test> <!-- PetUser -->
  </suite> <!-- PetStore -->
</testng-results>
