<?xml version="1.0" encoding="UTF-8"?>
<!-- Generated by org.testng.reporters.JUnitXMLReporter -->
<testsuite ignored="0" hostname="LIN-5CG13827YK" failures="0" tests="9" name="PetUser" time="14.105" errors="0" timestamp="2024-08-02T16:02:05 IST">
  <testcase classname="api.test.TestUser2_routeConfig" name="userData_setup" time="2.969"/>
  <testcase classname="api.test.TestUser2_routeConfig" name="userData_setup" time="1.236"/>
  <testcase classname="api.test.TestUser2_routeConfig" name="userData_setup" time="1.235"/>
  <testcase classname="api.test.TestUser2_routeConfig" name="testReadUser" time="1.263"/>
  <testcase classname="api.test.TestUser2_routeConfig" name="testReadUser" time="1.226"/>
  <testcase classname="api.test.TestUser2_routeConfig" name="testReadUser" time="1.24"/>
  <testcase classname="api.test.TestUser2_routeConfig" name="testDeleteUser" time="1.239"/>
  <testcase classname="api.test.TestUser2_routeConfig" name="testDeleteUser" time="1.242"/>
  <testcase classname="api.test.TestUser2_routeConfig" name="testDeleteUser" time="1.243"/>
</testsuite> <!-- PetUser -->
